2022-09-08 15:52:48,490 - utils - INFO - Running Simulated Linear(linear.ini)...
2022-09-08 15:53:12,672 - utils - INFO - The best valid c-index: 0.7781507671781187
2022-09-08 15:53:12,672 - utils - INFO - 
2022-09-08 15:53:12,672 - utils - INFO - Running Simulated Nonlinear(gaussian.ini)...
2022-09-08 15:53:41,684 - utils - INFO - The best valid c-index: 0.6479573048699133
2022-09-08 15:53:41,684 - utils - INFO - 
2022-09-08 15:53:41,684 - utils - INFO - Running WHAS(whas.ini)...
2022-09-08 15:53:55,169 - utils - INFO - The best valid c-index: 0.857224712663049
2022-09-08 15:53:55,169 - utils - INFO - 
2022-09-08 15:53:55,169 - utils - INFO - Running SUPPORT(support.ini)...
2022-09-08 15:54:56,762 - utils - INFO - The best valid c-index: 0.6149684979801904
2022-09-08 15:54:56,762 - utils - INFO - 
2022-09-08 15:54:56,762 - utils - INFO - Running METABRIC(metabric.ini)...
2022-09-08 15:55:03,700 - utils - INFO - The best valid c-index: 0.6412595948937578
2022-09-08 15:55:03,701 - utils - INFO - 
2022-09-08 15:55:03,701 - utils - INFO - Running Simulated Treatment(treatment.ini)...
2022-09-08 15:55:14,394 - utils - INFO - The best valid c-index: 0.5624016010673782
2022-09-08 15:55:14,394 - utils - INFO - 
2022-09-08 15:55:14,394 - utils - INFO - Running Rotterdam & GBSG(gbsg.ini)...
2022-09-08 15:55:21,565 - utils - INFO - The best valid c-index: 0.6726433810268125
2022-09-08 15:55:21,565 - utils - INFO - 
2022-09-08 15:55:21,566 - utils - INFO - Running AML(aml.ini)...
2022-09-08 15:55:22,510 - utils - INFO - The best valid c-index: 0.5997566909975669
2022-09-08 15:55:22,510 - utils - INFO - 
2022-09-08 15:55:22,510 - utils - INFO - +------------------+---------------------+----------+----------+----------+---------------------+------------------+----------+
| Simulated Linear | Simulated Nonlinear |   WHAS   | SUPPORT  | METABRIC | Simulated Treatment | Rotterdam & GBSG |   AML    |
+------------------+---------------------+----------+----------+----------+---------------------+------------------+----------+
|     0.778151     |       0.647957      | 0.857225 | 0.614968 | 0.641260 |       0.562402      |     0.672643     | 0.599757 |
+------------------+---------------------+----------+----------+----------+---------------------+------------------+----------+
