2022-09-07 20:25:31,318 - utils - INFO - Running Simulated Linear(linear.ini)...
2022-09-07 20:26:15,333 - utils - INFO - The best valid c-index: 0.7790580386924616
2022-09-07 20:26:15,333 - utils - INFO - 
2022-09-07 20:26:15,333 - utils - INFO - Running Simulated Nonlinear(gaussian.ini)...
2022-09-07 20:26:49,869 - utils - INFO - The best valid c-index: 0.654025350233489
2022-09-07 20:26:49,870 - utils - INFO - 
2022-09-07 20:26:49,870 - utils - INFO - Running WHAS(whas.ini)...
2022-09-07 20:26:54,069 - utils - INFO - The best valid c-index: 0.8393103913175368
2022-09-07 20:26:54,069 - utils - INFO - 
2022-09-07 20:26:54,069 - utils - INFO - Running SUPPORT(support.ini)...
2022-09-07 20:27:46,269 - utils - INFO - The best valid c-index: 0.6133839040305644
2022-09-07 20:27:46,269 - utils - INFO - 
2022-09-07 20:27:46,270 - utils - INFO - Running METABRIC(metabric.ini)...
2022-09-07 20:27:54,768 - utils - INFO - The best valid c-index: 0.6388595783419196
2022-09-07 20:27:54,769 - utils - INFO - 
2022-09-07 20:27:54,769 - utils - INFO - Running Simulated Treatment(treatment.ini)...
2022-09-07 20:28:04,269 - utils - INFO - The best valid c-index: 0.5636931287525017
2022-09-07 20:28:04,269 - utils - INFO - 
2022-09-07 20:28:04,269 - utils - INFO - Running Rotterdam & GBSG(gbsg.ini)...
2022-09-07 20:28:14,857 - utils - INFO - The best valid c-index: 0.6669397018155585
2022-09-07 20:28:14,857 - utils - INFO - 
2022-09-07 20:28:14,857 - utils - INFO - Running AML(aml.ini)...
2022-09-07 20:28:15,448 - utils - INFO - The best valid c-index: 0.6005677210056772
2022-09-07 20:28:15,448 - utils - INFO - 
2022-09-07 20:28:15,448 - utils - INFO - +------------------+---------------------+----------+----------+----------+---------------------+------------------+----------+
| Simulated Linear | Simulated Nonlinear |   WHAS   | SUPPORT  | METABRIC | Simulated Treatment | Rotterdam & GBSG |   AML    |
+------------------+---------------------+----------+----------+----------+---------------------+------------------+----------+
|     0.779058     |       0.654025      | 0.839310 | 0.613384 | 0.638860 |       0.563693      |     0.666940     | 0.600568 |
+------------------+---------------------+----------+----------+----------+---------------------+------------------+----------+
