2022-09-08 15:23:31,338 - utils - INFO - Running Simulated Linear(linear.ini)...
2022-09-08 15:23:49,911 - utils - INFO - The best valid c-index: 0.7774249499666445
2022-09-08 15:23:49,912 - utils - INFO - 
2022-09-08 15:23:49,912 - utils - INFO - Running Simulated Nonlinear(gaussian.ini)...
2022-09-08 15:23:59,548 - utils - INFO - The best valid c-index: 0.5160787191460974
2022-09-08 15:23:59,548 - utils - INFO - 
2022-09-08 15:23:59,548 - utils - INFO - Running WHAS(whas.ini)...
2022-09-08 15:24:04,197 - utils - INFO - The best valid c-index: 0.8410293572415652
2022-09-08 15:24:04,198 - utils - INFO - 
2022-09-08 15:24:04,198 - utils - INFO - Running SUPPORT(support.ini)...
2022-09-08 15:25:12,288 - utils - INFO - The best valid c-index: 0.6196558291150518
2022-09-08 15:25:12,288 - utils - INFO - 
2022-09-08 15:25:12,288 - utils - INFO - Running METABRIC(metabric.ini)...
2022-09-08 15:25:21,231 - utils - INFO - The best valid c-index: 0.6392526845012724
2022-09-08 15:25:21,231 - utils - INFO - 
2022-09-08 15:25:21,232 - utils - INFO - Running Simulated Treatment(treatment.ini)...
2022-09-08 15:25:33,412 - utils - INFO - The best valid c-index: 0.5567978652434956
2022-09-08 15:25:33,413 - utils - INFO - 
2022-09-08 15:25:33,413 - utils - INFO - Running Rotterdam & GBSG(gbsg.ini)...
2022-09-08 15:25:40,618 - utils - INFO - The best valid c-index: 0.675746964049537
2022-09-08 15:25:40,618 - utils - INFO - 
2022-09-08 15:25:40,618 - utils - INFO - Running AML(aml.ini)...
2022-09-08 15:25:41,166 - utils - INFO - The best valid c-index: 0.5393349553933495
2022-09-08 15:25:41,166 - utils - INFO - 
2022-09-08 15:25:41,166 - utils - INFO - +------------------+---------------------+----------+----------+----------+---------------------+------------------+----------+
| Simulated Linear | Simulated Nonlinear |   WHAS   | SUPPORT  | METABRIC | Simulated Treatment | Rotterdam & GBSG |   AML    |
+------------------+---------------------+----------+----------+----------+---------------------+------------------+----------+
|     0.777425     |       0.516079      | 0.841029 | 0.619656 | 0.639253 |       0.556798      |     0.675747     | 0.539335 |
+------------------+---------------------+----------+----------+----------+---------------------+------------------+----------+
